<?xml version="1.0" encoding="UTF-8"?>
<!-- Generated by org.testng.reporters.JUnitXMLReporter -->
<testsuite ignored="0" hostname="DESKTOP-OTEDSO8" failures="1" tests="1" name="Surefire test" time="7.494" errors="0" timestamp="2025-01-07T16:15:29 IST">
  <testcase classname="io.cucumber.testng.AbstractTestNGCucumberTests" name="runScenario" time="6.833">
    <failure type="java.lang.AssertionError" message="expected [Incorrect email or password.] but found [Incorrect email or password]">
      <![CDATA[java.lang.AssertionError: expected [Incorrect email or password.] but found [Incorrect email or password]
at seleniumFrameworkDesign.stepdefination.stepdefination1.check_the_error_message(stepdefination1.java:81)
at âœ½.check the error message "Incorrect email or password"(file:///C:/Users/Admin/eclipse-workspace/seleniumFrameworkDesign/src/test/java/cucumber/Errorvalidation.feature:10)
... Removed 6 stack frames]]>
    </failure>
  </testcase> <!-- runScenario -->
</testsuite> <!-- Surefire test -->
