<?xml version="1.0" encoding="UTF-8"?>
<!-- Generated by org.testng.reporters.JUnitXMLReporter -->
<testsuite ignored="0" hostname="DESKTOP-OTEDSO8" failures="1" tests="3" name="Error Validation Test" time="23.481" errors="0" timestamp="2025-01-03T18:58:36 IST">
  <testcase classname="AutomationseleniumFrameworkDesign.tests.errorvalidationtest" name="cartItemCheck" time="8.987"/>
  <testcase classname="AutomationseleniumFrameworkDesign.tests.errorvalidationtest" name="loginTest" time="0.593">
    <skipped/>
  </testcase> <!-- loginTest -->
  <testcase classname="AutomationseleniumFrameworkDesign.tests.errorvalidationtest" name="loginTest" time="1.199">
    <failure type="java.lang.AssertionError" message="expected [Incorrect email or password.] but found [Incorrect email or passwor.]">
      <![CDATA[java.lang.AssertionError: expected [Incorrect email or password.] but found [Incorrect email or passwor.]
at AutomationseleniumFrameworkDesign.tests.errorvalidationtest.loginTest(errorvalidationtest.java:23)
at java.base/java.util.ArrayList.forEach(ArrayList.java:1596)
at java.base/java.util.concurrent.FutureTask.run(FutureTask.java:317)
at java.base/java.util.concurrent.ThreadPoolExecutor.runWorker(ThreadPoolExecutor.java:1144)
at java.base/java.util.concurrent.ThreadPoolExecutor$Worker.run(ThreadPoolExecutor.java:642)
at java.base/java.lang.Thread.run(Thread.java:1583)
... Removed 22 stack frames]]>
    </failure>
  </testcase> <!-- loginTest -->
</testsuite> <!-- Error Validation Test -->
