<?xml version="1.0" encoding="UTF-8"?>
<!-- Generated by org.testng.reporters.JUnitReportReporter -->
<testsuite hostname="DESKTOP-OTEDSO8" failures="1" tests="1" name="cucumber.TestNGRunner" time="6.833" errors="0" timestamp="2025-01-07T16:15:29 IST" skipped="0">
  <testcase classname="cucumber.TestNGRunner" name="runScenario" time="6.833">
    <failure message="expected [Incorrect email or password.] but found [Incorrect email or password]" type="java.lang.AssertionError">
      <![CDATA[java.lang.AssertionError: expected [Incorrect email or password.] but found [Incorrect email or password]
at org.testng.Assert.fail(Assert.java:111)
at org.testng.Assert.failNotEquals(Assert.java:1578)
at org.testng.Assert.assertEqualsImpl(Assert.java:150)
at org.testng.Assert.assertEquals(Assert.java:132)
at org.testng.Assert.assertEquals(Assert.java:656)
at org.testng.Assert.assertEquals(Assert.java:666)
at seleniumFrameworkDesign.stepdefination.stepdefination1.check_the_error_message(stepdefination1.java:81)
at âœ½.check the error message "Incorrect email or password"(file:///C:/Users/Admin/eclipse-workspace/seleniumFrameworkDesign/src/test/java/cucumber/Errorvalidation.feature:10)
]]>
    </failure>
  </testcase> <!-- runScenario -->
</testsuite> <!-- cucumber.TestNGRunner -->
